[debug] [2022-08-06T10:23:26.850Z] ----------------------------------------------------------------------
[debug] [2022-08-06T10:23:26.852Z] Command:       C:\Program Files\nodejs\node.exe C:\Users\hamed\AppData\Roaming\npm\node_modules\firebase-tools\lib\bin\firebase.js init
[debug] [2022-08-06T10:23:26.852Z] CLI Version:   11.4.2
[debug] [2022-08-06T10:23:26.852Z] Platform:      win32
[debug] [2022-08-06T10:23:26.852Z] Node Version:  v16.15.0
[debug] [2022-08-06T10:23:26.853Z] Time:          Sat Aug 06 2022 14:53:26 GMT+0430 (Iran Daylight Time)
[debug] [2022-08-06T10:23:26.853Z] ----------------------------------------------------------------------
[debug] 
[debug] [2022-08-06T10:23:26.855Z] >>> [apiv2][query] GET https://firebase-public.firebaseio.com/cli.json [none]
[debug] [2022-08-06T10:23:26.873Z] > command requires scopes: ["email","openid","https://www.googleapis.com/auth/cloudplatformprojects.readonly","https://www.googleapis.com/auth/firebase","https://www.googleapis.com/auth/cloud-platform"]
[debug] [2022-08-06T10:23:26.873Z] > authorizing via signed-in user (hamed.husseini.official1999@gmail.com)
[info] 
     ######## #### ########  ######## ########     ###     ######  ########
     ##        ##  ##     ## ##       ##     ##  ##   ##  ##       ##
     ######    ##  ########  ######   ########  #########  ######  ######
     ##        ##  ##    ##  ##       ##     ## ##     ##       ## ##
     ##       #### ##     ## ######## ########  ##     ##  ######  ########

You're about to initialize a Firebase project in this directory:

  D:\React-PP Project\delious

[info] 
=== Project Setup
[info] 
[info] First, let's associate this project directory with a Firebase project.
[info] You can create multiple project aliases by running firebase use --add, 
[info] but for now we'll just set up a default project.
[info] 
[debug] [2022-08-06T10:23:36.663Z] >>> [apiv2][query] GET https://firebase.googleapis.com/v1beta1/projects pageSize=100
[debug] [2022-08-06T10:23:37.415Z] <<< [apiv2][status] GET https://firebase.googleapis.com/v1beta1/projects 403
[debug] [2022-08-06T10:23:37.416Z] <<< [apiv2][body] GET https://firebase.googleapis.com/v1beta1/projects [omitted]
[debug] [2022-08-06T10:23:37.416Z] Unable to parse JSON: SyntaxError: Unexpected token < in JSON at position 0
[debug] [2022-08-06T10:23:37.789Z] FirebaseError: Unable to parse JSON: SyntaxError: Unexpected token < in JSON at position 0
    at RetryOperation._fn (C:\Users\hamed\AppData\Roaming\npm\node_modules\firebase-tools\lib\apiv2.js:260:39)
    at processTicksAndRejections (node:internal/process/task_queues:96:5)
[error] 
[error] Error: Failed to list Firebase projects. See firebase-debug.log for more info.
